<html>
<body>
<pre>
<h1>Vision Build Log</h1>
<h2>Project:</h2>
C:\Users\战神\Desktop\keilproject\14-定时器中断应用\06-定时计数器数码管外部中断的综合应用\project\定时计数器外部中断的综合应用.uvproj
Project File Date:  02/20/2023

<h2>Output:</h2>
Build target 'Target 1'
compiling main.c...
..\SOURCE\MAIN.C(10): error C141: syntax error near '}'
compiling display.c...
Target not created
Build target 'Target 1'
compiling main.c...
compiling display.c...
linking...
Program Size: data=14.0 xdata=0 code=370
creating hex file from "..\output\定时计数器外部中断的综合应用"...
"..\output\定时计数器外部中断的综合应用" - 0 Error(s), 0 Warning(s).
Build target 'Target 1'
compiling main.c...
compiling display.c...
linking...
Program Size: data=16.0 xdata=0 code=625
creating hex file from "..\output\定时计数器外部中断的综合应用"...
"..\output\定时计数器外部中断的综合应用" - 0 Error(s), 0 Warning(s).
Build target 'Target 1'
compiling main.c...
compiling display.c...
linking...
Program Size: data=16.0 xdata=0 code=625
creating hex file from "..\output\定时计数器外部中断的综合应用"...
"..\output\定时计数器外部中断的综合应用" - 0 Error(s), 0 Warning(s).
Build target 'Target 1'
compiling main.c...
compiling display.c...
linking...
Program Size: data=16.0 xdata=0 code=625
creating hex file from "..\output\定时计数器外部中断的综合应用"...
"..\output\定时计数器外部中断的综合应用" - 0 Error(s), 0 Warning(s).
Build target 'Target 1'
compiling main.c...
..\SOURCE\MAIN.C(66): error C141: syntax error near '}', expected ';'
compiling display.c...
Target not created
Build target 'Target 1'
compiling main.c...
compiling display.c...
linking...
Program Size: data=17.0 xdata=0 code=838
creating hex file from "..\output\定时计数器外部中断的综合应用"...
"..\output\定时计数器外部中断的综合应用" - 0 Error(s), 0 Warning(s).
Build target 'Target 1'
compiling main.c...
compiling display.c...
linking...
Program Size: data=17.0 xdata=0 code=838
creating hex file from "..\output\定时计数器外部中断的综合应用"...
"..\output\定时计数器外部中断的综合应用" - 0 Error(s), 0 Warning(s).
Build target 'Target 1'
compiling main.c...
compiling display.c...
linking...
Program Size: data=17.0 xdata=0 code=836
creating hex file from "..\output\定时计数器外部中断的综合应用"...
"..\output\定时计数器外部中断的综合应用" - 0 Error(s), 0 Warning(s).
Build target 'Target 1'
compiling main.c...
..\SOURCE\MAIN.C(32): error C202: 'temp3': undefined identifier
..\SOURCE\MAIN.C(45): error C202: 'temp3': undefined identifier
compiling display.c...
Target not created
Build target 'Target 1'
compiling main.c...
..\SOURCE\MAIN.C(32): error C202: 'temp3': undefined identifier
..\SOURCE\MAIN.C(45): error C202: 'temp3': undefined identifier
compiling display.c...
Target not created
Build target 'Target 1'
compiling main.c...
compiling display.c...
linking...
Program Size: data=20.0 xdata=0 code=685
creating hex file from "..\output\定时计数器外部中断的综合应用"...
"..\output\定时计数器外部中断的综合应用" - 0 Error(s), 0 Warning(s).
